0 info it worked if it ends with ok
1 verbose cli [ '/usr/bin/nodejs',
1 verbose cli   '/usr/bin/npm',
1 verbose cli   'install',
1 verbose cli   '-g',
1 verbose cli   'http-server' ]
2 info using npm@3.5.2
3 info using node@v4.2.6
4 silly loadCurrentTree Starting
5 silly install loadCurrentTree
6 silly install readGlobalPackageData
7 silly fetchPackageMetaData http-server
8 silly fetchNamedPackageData http-server
9 silly mapToRegistry name http-server
10 silly mapToRegistry using default registry
11 silly mapToRegistry registry https://registry.npmjs.org/
12 silly mapToRegistry uri https://registry.npmjs.org/http-server
13 verbose request uri https://registry.npmjs.org/http-server
14 verbose request no auth needed
15 info attempt registry request try #1 at 12:15:42 PM
16 verbose request id 2088c516980fe824
17 verbose etag "A2KFLZ1RS3LFE4VGL0NMI4Z3V"
18 http request GET https://registry.npmjs.org/http-server
19 http 304 https://registry.npmjs.org/http-server
20 verbose headers { date: 'Sat, 05 Nov 2016 06:45:50 GMT',
20 verbose headers   via: '1.1 varnish',
20 verbose headers   'cache-control': 'max-age=300',
20 verbose headers   etag: '"A2KFLZ1RS3LFE4VGL0NMI4Z3V"',
20 verbose headers   age: '89',
20 verbose headers   connection: 'keep-alive',
20 verbose headers   'x-served-by': 'cache-sin6925-SIN',
20 verbose headers   'x-cache': 'HIT',
20 verbose headers   'x-cache-hits': '1',
20 verbose headers   'x-timer': 'S1478328350.321320,VS0,VE0',
20 verbose headers   vary: 'Accept-Encoding' }
21 silly get cb [ 304,
21 silly get   { date: 'Sat, 05 Nov 2016 06:45:50 GMT',
21 silly get     via: '1.1 varnish',
21 silly get     'cache-control': 'max-age=300',
21 silly get     etag: '"A2KFLZ1RS3LFE4VGL0NMI4Z3V"',
21 silly get     age: '89',
21 silly get     connection: 'keep-alive',
21 silly get     'x-served-by': 'cache-sin6925-SIN',
21 silly get     'x-cache': 'HIT',
21 silly get     'x-cache-hits': '1',
21 silly get     'x-timer': 'S1478328350.321320,VS0,VE0',
21 silly get     vary: 'Accept-Encoding' } ]
22 verbose etag https://registry.npmjs.org/http-server from cache
23 verbose get saving http-server to /home/muneeb/.npm/registry.npmjs.org/http-server/.cache.json
24 silly install normalizeTree
25 silly loadCurrentTree Finishing
26 silly loadIdealTree Starting
27 silly install loadIdealTree
28 silly cloneCurrentTree Starting
29 silly install cloneCurrentTreeToIdealTree
30 silly cloneCurrentTree Finishing
31 silly loadShrinkwrap Starting
32 silly install loadShrinkwrap
33 silly loadShrinkwrap Finishing
34 silly loadAllDepsIntoIdealTree Starting
35 silly install loadAllDepsIntoIdealTree
36 silly resolveWithNewModule http-server@0.9.0 checking installable status
37 silly cache add args [ 'http-server', null ]
38 verbose cache add spec http-server
39 silly cache add parsed spec Result {
39 silly cache add   raw: 'http-server',
39 silly cache add   scope: null,
39 silly cache add   name: 'http-server',
39 silly cache add   rawSpec: '',
39 silly cache add   spec: 'latest',
39 silly cache add   type: 'tag' }
40 silly addNamed http-server@latest
41 verbose addNamed "latest" is being treated as a dist-tag for http-server
42 info addNameTag [ 'http-server', 'latest' ]
43 silly mapToRegistry name http-server
44 silly mapToRegistry using default registry
45 silly mapToRegistry registry https://registry.npmjs.org/
46 silly mapToRegistry uri https://registry.npmjs.org/http-server
47 verbose addNameTag registry:https://registry.npmjs.org/http-server not in flight; fetching
48 verbose get https://registry.npmjs.org/http-server not expired, no request
49 silly addNameTag next cb for http-server with tag latest
50 silly addNamed http-server@0.9.0
51 verbose addNamed "0.9.0" is a plain semver version for http-server
52 silly cache afterAdd http-server@0.9.0
53 verbose afterAdd /home/muneeb/.npm/http-server/0.9.0/package/package.json not in flight; writing
54 verbose afterAdd /home/muneeb/.npm/http-server/0.9.0/package/package.json written
55 silly fetchNamedPackageData colors
56 silly mapToRegistry name colors
57 silly mapToRegistry using default registry
58 silly mapToRegistry registry https://registry.npmjs.org/
59 silly mapToRegistry uri https://registry.npmjs.org/colors
60 silly fetchNamedPackageData corser
61 silly mapToRegistry name corser
62 silly mapToRegistry using default registry
63 silly mapToRegistry registry https://registry.npmjs.org/
64 silly mapToRegistry uri https://registry.npmjs.org/corser
65 silly fetchNamedPackageData ecstatic
66 silly mapToRegistry name ecstatic
67 silly mapToRegistry using default registry
68 silly mapToRegistry registry https://registry.npmjs.org/
69 silly mapToRegistry uri https://registry.npmjs.org/ecstatic
70 silly fetchNamedPackageData http-proxy
71 silly mapToRegistry name http-proxy
72 silly mapToRegistry using default registry
73 silly mapToRegistry registry https://registry.npmjs.org/
74 silly mapToRegistry uri https://registry.npmjs.org/http-proxy
75 silly fetchNamedPackageData opener
76 silly mapToRegistry name opener
77 silly mapToRegistry using default registry
78 silly mapToRegistry registry https://registry.npmjs.org/
79 silly mapToRegistry uri https://registry.npmjs.org/opener
80 silly fetchNamedPackageData optimist
81 silly mapToRegistry name optimist
82 silly mapToRegistry using default registry
83 silly mapToRegistry registry https://registry.npmjs.org/
84 silly mapToRegistry uri https://registry.npmjs.org/optimist
85 silly fetchNamedPackageData portfinder
86 silly mapToRegistry name portfinder
87 silly mapToRegistry using default registry
88 silly mapToRegistry registry https://registry.npmjs.org/
89 silly mapToRegistry uri https://registry.npmjs.org/portfinder
90 silly fetchNamedPackageData union
91 silly mapToRegistry name union
92 silly mapToRegistry using default registry
93 silly mapToRegistry registry https://registry.npmjs.org/
94 silly mapToRegistry uri https://registry.npmjs.org/union
95 verbose request uri https://registry.npmjs.org/ecstatic
96 verbose request no auth needed
97 info attempt registry request try #1 at 12:15:51 PM
98 verbose etag "6MXW1KMFP1OLIO4LFOOLUF1AD"
99 http request GET https://registry.npmjs.org/ecstatic
100 verbose request uri https://registry.npmjs.org/http-proxy
101 verbose request no auth needed
102 info attempt registry request try #1 at 12:15:51 PM
103 verbose etag "AYXS583TB1T20ZCFMMFRI4EIN"
104 http request GET https://registry.npmjs.org/http-proxy
105 verbose request uri https://registry.npmjs.org/opener
106 verbose request no auth needed
107 info attempt registry request try #1 at 12:15:51 PM
108 verbose etag "1ZZTQKXY1CQQCKIX6CA02NHM"
109 http request GET https://registry.npmjs.org/opener
110 verbose request uri https://registry.npmjs.org/portfinder
111 verbose request no auth needed
112 info attempt registry request try #1 at 12:15:51 PM
113 verbose etag "2NG5Y2T11VSYBFBZYBD37RXE3"
114 http request GET https://registry.npmjs.org/portfinder
115 verbose request uri https://registry.npmjs.org/optimist
116 verbose request no auth needed
117 info attempt registry request try #1 at 12:15:51 PM
118 verbose etag "EA71NGTGD6UKPG17U14XBILGE"
119 http request GET https://registry.npmjs.org/optimist
120 verbose request uri https://registry.npmjs.org/union
121 verbose request no auth needed
122 info attempt registry request try #1 at 12:15:51 PM
123 verbose etag "CXX7J2UCI9HOC54YODHUKELRC"
124 http request GET https://registry.npmjs.org/union
125 verbose request uri https://registry.npmjs.org/colors
126 verbose request no auth needed
127 info attempt registry request try #1 at 12:15:51 PM
128 verbose etag "9XQ7H95DSSGP1VU8YNVP8FO7W"
129 http request GET https://registry.npmjs.org/colors
130 verbose request uri https://registry.npmjs.org/corser
131 verbose request no auth needed
132 info attempt registry request try #1 at 12:15:51 PM
133 verbose etag "BQ9027Q706XQS21MJ192S2E6R"
134 http request GET https://registry.npmjs.org/corser
135 http 304 https://registry.npmjs.org/ecstatic
136 verbose headers { date: 'Sat, 05 Nov 2016 06:45:53 GMT',
136 verbose headers   via: '1.1 varnish',
136 verbose headers   'cache-control': 'max-age=300',
136 verbose headers   etag: '"6MXW1KMFP1OLIO4LFOOLUF1AD"',
136 verbose headers   age: '89',
136 verbose headers   connection: 'keep-alive',
136 verbose headers   'x-served-by': 'cache-sin6924-SIN',
136 verbose headers   'x-cache': 'HIT',
136 verbose headers   'x-cache-hits': '1',
136 verbose headers   'x-timer': 'S1478328353.135686,VS0,VE0',
136 verbose headers   vary: 'Accept-Encoding' }
137 silly get cb [ 304,
137 silly get   { date: 'Sat, 05 Nov 2016 06:45:53 GMT',
137 silly get     via: '1.1 varnish',
137 silly get     'cache-control': 'max-age=300',
137 silly get     etag: '"6MXW1KMFP1OLIO4LFOOLUF1AD"',
137 silly get     age: '89',
137 silly get     connection: 'keep-alive',
137 silly get     'x-served-by': 'cache-sin6924-SIN',
137 silly get     'x-cache': 'HIT',
137 silly get     'x-cache-hits': '1',
137 silly get     'x-timer': 'S1478328353.135686,VS0,VE0',
137 silly get     vary: 'Accept-Encoding' } ]
138 verbose etag https://registry.npmjs.org/ecstatic from cache
139 verbose get saving ecstatic to /home/muneeb/.npm/registry.npmjs.org/ecstatic/.cache.json
140 http 304 https://registry.npmjs.org/opener
141 verbose headers { date: 'Sat, 05 Nov 2016 06:45:53 GMT',
141 verbose headers   via: '1.1 varnish',
141 verbose headers   'cache-control': 'max-age=300',
141 verbose headers   etag: '"1ZZTQKXY1CQQCKIX6CA02NHM"',
141 verbose headers   age: '160',
141 verbose headers   connection: 'keep-alive',
141 verbose headers   'x-served-by': 'cache-sin6925-SIN',
141 verbose headers   'x-cache': 'HIT',
141 verbose headers   'x-cache-hits': '1',
141 verbose headers   'x-timer': 'S1478328353.159341,VS0,VE0',
141 verbose headers   vary: 'Accept-Encoding' }
142 silly get cb [ 304,
142 silly get   { date: 'Sat, 05 Nov 2016 06:45:53 GMT',
142 silly get     via: '1.1 varnish',
142 silly get     'cache-control': 'max-age=300',
142 silly get     etag: '"1ZZTQKXY1CQQCKIX6CA02NHM"',
142 silly get     age: '160',
142 silly get     connection: 'keep-alive',
142 silly get     'x-served-by': 'cache-sin6925-SIN',
142 silly get     'x-cache': 'HIT',
142 silly get     'x-cache-hits': '1',
142 silly get     'x-timer': 'S1478328353.159341,VS0,VE0',
142 silly get     vary: 'Accept-Encoding' } ]
143 verbose etag https://registry.npmjs.org/opener from cache
144 verbose get saving opener to /home/muneeb/.npm/registry.npmjs.org/opener/.cache.json
145 http 304 https://registry.npmjs.org/portfinder
146 verbose headers { date: 'Sat, 05 Nov 2016 06:45:53 GMT',
146 verbose headers   via: '1.1 varnish',
146 verbose headers   'cache-control': 'max-age=300',
146 verbose headers   etag: '"2NG5Y2T11VSYBFBZYBD37RXE3"',
146 verbose headers   age: '91',
146 verbose headers   connection: 'keep-alive',
146 verbose headers   'x-served-by': 'cache-sin6927-SIN',
146 verbose headers   'x-cache': 'HIT',
146 verbose headers   'x-cache-hits': '1',
146 verbose headers   'x-timer': 'S1478328353.196943,VS0,VE0',
146 verbose headers   vary: 'Accept-Encoding' }
147 silly get cb [ 304,
147 silly get   { date: 'Sat, 05 Nov 2016 06:45:53 GMT',
147 silly get     via: '1.1 varnish',
147 silly get     'cache-control': 'max-age=300',
147 silly get     etag: '"2NG5Y2T11VSYBFBZYBD37RXE3"',
147 silly get     age: '91',
147 silly get     connection: 'keep-alive',
147 silly get     'x-served-by': 'cache-sin6927-SIN',
147 silly get     'x-cache': 'HIT',
147 silly get     'x-cache-hits': '1',
147 silly get     'x-timer': 'S1478328353.196943,VS0,VE0',
147 silly get     vary: 'Accept-Encoding' } ]
148 verbose etag https://registry.npmjs.org/portfinder from cache
149 verbose get saving portfinder to /home/muneeb/.npm/registry.npmjs.org/portfinder/.cache.json
150 http 304 https://registry.npmjs.org/http-proxy
151 verbose headers { date: 'Sat, 05 Nov 2016 06:45:53 GMT',
151 verbose headers   via: '1.1 varnish',
151 verbose headers   'cache-control': 'max-age=300',
151 verbose headers   etag: '"AYXS583TB1T20ZCFMMFRI4EIN"',
151 verbose headers   age: '93',
151 verbose headers   connection: 'keep-alive',
151 verbose headers   'x-served-by': 'cache-sin6924-SIN',
151 verbose headers   'x-cache': 'HIT',
151 verbose headers   'x-cache-hits': '6',
151 verbose headers   'x-timer': 'S1478328353.196807,VS0,VE0',
151 verbose headers   vary: 'Accept-Encoding' }
152 silly get cb [ 304,
152 silly get   { date: 'Sat, 05 Nov 2016 06:45:53 GMT',
152 silly get     via: '1.1 varnish',
152 silly get     'cache-control': 'max-age=300',
152 silly get     etag: '"AYXS583TB1T20ZCFMMFRI4EIN"',
152 silly get     age: '93',
152 silly get     connection: 'keep-alive',
152 silly get     'x-served-by': 'cache-sin6924-SIN',
152 silly get     'x-cache': 'HIT',
152 silly get     'x-cache-hits': '6',
152 silly get     'x-timer': 'S1478328353.196807,VS0,VE0',
152 silly get     vary: 'Accept-Encoding' } ]
153 verbose etag https://registry.npmjs.org/http-proxy from cache
154 verbose get saving http-proxy to /home/muneeb/.npm/registry.npmjs.org/http-proxy/.cache.json
155 http 304 https://registry.npmjs.org/colors
156 verbose headers { date: 'Sat, 05 Nov 2016 06:45:53 GMT',
156 verbose headers   via: '1.1 varnish',
156 verbose headers   'cache-control': 'max-age=300',
156 verbose headers   etag: '"9XQ7H95DSSGP1VU8YNVP8FO7W"',
156 verbose headers   age: '22',
156 verbose headers   connection: 'keep-alive',
156 verbose headers   'x-served-by': 'cache-sin6926-SIN',
156 verbose headers   'x-cache': 'HIT',
156 verbose headers   'x-cache-hits': '1',
156 verbose headers   'x-timer': 'S1478328353.245684,VS0,VE1',
156 verbose headers   vary: 'Accept-Encoding' }
157 silly get cb [ 304,
157 silly get   { date: 'Sat, 05 Nov 2016 06:45:53 GMT',
157 silly get     via: '1.1 varnish',
157 silly get     'cache-control': 'max-age=300',
157 silly get     etag: '"9XQ7H95DSSGP1VU8YNVP8FO7W"',
157 silly get     age: '22',
157 silly get     connection: 'keep-alive',
157 silly get     'x-served-by': 'cache-sin6926-SIN',
157 silly get     'x-cache': 'HIT',
157 silly get     'x-cache-hits': '1',
157 silly get     'x-timer': 'S1478328353.245684,VS0,VE1',
157 silly get     vary: 'Accept-Encoding' } ]
158 verbose etag https://registry.npmjs.org/colors from cache
159 verbose get saving colors to /home/muneeb/.npm/registry.npmjs.org/colors/.cache.json
160 http 304 https://registry.npmjs.org/optimist
161 verbose headers { date: 'Sat, 05 Nov 2016 06:45:53 GMT',
161 verbose headers   via: '1.1 varnish',
161 verbose headers   'cache-control': 'max-age=300',
161 verbose headers   etag: '"EA71NGTGD6UKPG17U14XBILGE"',
161 verbose headers   age: '48',
161 verbose headers   connection: 'keep-alive',
161 verbose headers   'x-served-by': 'cache-sin6923-SIN',
161 verbose headers   'x-cache': 'HIT',
161 verbose headers   'x-cache-hits': '3',
161 verbose headers   'x-timer': 'S1478328353.248932,VS0,VE0',
161 verbose headers   vary: 'Accept-Encoding' }
162 silly get cb [ 304,
162 silly get   { date: 'Sat, 05 Nov 2016 06:45:53 GMT',
162 silly get     via: '1.1 varnish',
162 silly get     'cache-control': 'max-age=300',
162 silly get     etag: '"EA71NGTGD6UKPG17U14XBILGE"',
162 silly get     age: '48',
162 silly get     connection: 'keep-alive',
162 silly get     'x-served-by': 'cache-sin6923-SIN',
162 silly get     'x-cache': 'HIT',
162 silly get     'x-cache-hits': '3',
162 silly get     'x-timer': 'S1478328353.248932,VS0,VE0',
162 silly get     vary: 'Accept-Encoding' } ]
163 verbose etag https://registry.npmjs.org/optimist from cache
164 verbose get saving optimist to /home/muneeb/.npm/registry.npmjs.org/optimist/.cache.json
165 silly resolveWithNewModule opener@1.4.2 checking installable status
166 silly cache add args [ 'opener@~1.4.0', null ]
167 verbose cache add spec opener@~1.4.0
168 silly cache add parsed spec Result {
168 silly cache add   raw: 'opener@~1.4.0',
168 silly cache add   scope: null,
168 silly cache add   name: 'opener',
168 silly cache add   rawSpec: '~1.4.0',
168 silly cache add   spec: '>=1.4.0 <1.5.0',
168 silly cache add   type: 'range' }
169 silly addNamed opener@>=1.4.0 <1.5.0
170 verbose addNamed ">=1.4.0 <1.5.0" is a valid semver range for opener
171 silly addNameRange { name: 'opener', range: '>=1.4.0 <1.5.0', hasData: false }
172 silly mapToRegistry name opener
173 silly mapToRegistry using default registry
174 silly mapToRegistry registry https://registry.npmjs.org/
175 silly mapToRegistry uri https://registry.npmjs.org/opener
176 verbose addNameRange registry:https://registry.npmjs.org/opener not in flight; fetching
177 silly resolveWithNewModule ecstatic@1.4.1 checking installable status
178 silly cache add args [ 'ecstatic@^1.4.0', null ]
179 verbose cache add spec ecstatic@^1.4.0
180 silly cache add parsed spec Result {
180 silly cache add   raw: 'ecstatic@^1.4.0',
180 silly cache add   scope: null,
180 silly cache add   name: 'ecstatic',
180 silly cache add   rawSpec: '^1.4.0',
180 silly cache add   spec: '>=1.4.0 <2.0.0',
180 silly cache add   type: 'range' }
181 silly addNamed ecstatic@>=1.4.0 <2.0.0
182 verbose addNamed ">=1.4.0 <2.0.0" is a valid semver range for ecstatic
183 silly addNameRange { name: 'ecstatic', range: '>=1.4.0 <2.0.0', hasData: false }
184 silly mapToRegistry name ecstatic
185 silly mapToRegistry using default registry
186 silly mapToRegistry registry https://registry.npmjs.org/
187 silly mapToRegistry uri https://registry.npmjs.org/ecstatic
188 verbose addNameRange registry:https://registry.npmjs.org/ecstatic not in flight; fetching
189 silly resolveWithNewModule colors@1.0.3 checking installable status
190 silly cache add args [ 'colors@1.0.3', null ]
191 verbose cache add spec colors@1.0.3
192 silly cache add parsed spec Result {
192 silly cache add   raw: 'colors@1.0.3',
192 silly cache add   scope: null,
192 silly cache add   name: 'colors',
192 silly cache add   rawSpec: '1.0.3',
192 silly cache add   spec: '1.0.3',
192 silly cache add   type: 'version' }
193 silly addNamed colors@1.0.3
194 verbose addNamed "1.0.3" is a plain semver version for colors
195 silly mapToRegistry name colors
196 silly mapToRegistry using default registry
197 silly mapToRegistry registry https://registry.npmjs.org/
198 silly mapToRegistry uri https://registry.npmjs.org/colors
199 verbose addNameVersion registry:https://registry.npmjs.org/colors not in flight; fetching
200 silly resolveWithNewModule portfinder@0.4.0 checking installable status
201 silly cache add args [ 'portfinder@0.4.x', null ]
202 verbose cache add spec portfinder@0.4.x
203 silly cache add parsed spec Result {
203 silly cache add   raw: 'portfinder@0.4.x',
203 silly cache add   scope: null,
203 silly cache add   name: 'portfinder',
203 silly cache add   rawSpec: '0.4.x',
203 silly cache add   spec: '>=0.4.0 <0.5.0',
203 silly cache add   type: 'range' }
204 silly addNamed portfinder@>=0.4.0 <0.5.0
205 verbose addNamed ">=0.4.0 <0.5.0" is a valid semver range for portfinder
206 silly addNameRange { name: 'portfinder', range: '>=0.4.0 <0.5.0', hasData: false }
207 silly mapToRegistry name portfinder
208 silly mapToRegistry using default registry
209 silly mapToRegistry registry https://registry.npmjs.org/
210 silly mapToRegistry uri https://registry.npmjs.org/portfinder
211 verbose addNameRange registry:https://registry.npmjs.org/portfinder not in flight; fetching
212 silly resolveWithNewModule http-proxy@1.15.2 checking installable status
213 silly cache add args [ 'http-proxy@^1.8.1', null ]
214 verbose cache add spec http-proxy@^1.8.1
215 silly cache add parsed spec Result {
215 silly cache add   raw: 'http-proxy@^1.8.1',
215 silly cache add   scope: null,
215 silly cache add   name: 'http-proxy',
215 silly cache add   rawSpec: '^1.8.1',
215 silly cache add   spec: '>=1.8.1 <2.0.0',
215 silly cache add   type: 'range' }
216 silly addNamed http-proxy@>=1.8.1 <2.0.0
217 verbose addNamed ">=1.8.1 <2.0.0" is a valid semver range for http-proxy
218 silly addNameRange { name: 'http-proxy', range: '>=1.8.1 <2.0.0', hasData: false }
219 silly mapToRegistry name http-proxy
220 silly mapToRegistry using default registry
221 silly mapToRegistry registry https://registry.npmjs.org/
222 silly mapToRegistry uri https://registry.npmjs.org/http-proxy
223 verbose addNameRange registry:https://registry.npmjs.org/http-proxy not in flight; fetching
224 silly resolveWithNewModule optimist@0.6.1 checking installable status
225 silly cache add args [ 'optimist@0.6.x', null ]
226 verbose cache add spec optimist@0.6.x
227 silly cache add parsed spec Result {
227 silly cache add   raw: 'optimist@0.6.x',
227 silly cache add   scope: null,
227 silly cache add   name: 'optimist',
227 silly cache add   rawSpec: '0.6.x',
227 silly cache add   spec: '>=0.6.0 <0.7.0',
227 silly cache add   type: 'range' }
228 silly addNamed optimist@>=0.6.0 <0.7.0
229 verbose addNamed ">=0.6.0 <0.7.0" is a valid semver range for optimist
230 silly addNameRange { name: 'optimist', range: '>=0.6.0 <0.7.0', hasData: false }
231 silly mapToRegistry name optimist
232 silly mapToRegistry using default registry
233 silly mapToRegistry registry https://registry.npmjs.org/
234 silly mapToRegistry uri https://registry.npmjs.org/optimist
235 verbose addNameRange registry:https://registry.npmjs.org/optimist not in flight; fetching
236 verbose get https://registry.npmjs.org/opener not expired, no request
237 silly addNameRange number 2 { name: 'opener', range: '>=1.4.0 <1.5.0', hasData: true }
238 silly addNameRange versions [ 'opener',
238 silly addNameRange   [ '1.0.0',
238 silly addNameRange     '1.0.1',
238 silly addNameRange     '1.1.0',
238 silly addNameRange     '1.2.0',
238 silly addNameRange     '1.3.0',
238 silly addNameRange     '1.4.0',
238 silly addNameRange     '1.4.1',
238 silly addNameRange     '1.4.2' ] ]
239 silly addNamed opener@1.4.2
240 verbose addNamed "1.4.2" is a plain semver version for opener
241 verbose get https://registry.npmjs.org/colors not expired, no request
242 verbose get https://registry.npmjs.org/portfinder not expired, no request
243 silly addNameRange number 2 { name: 'portfinder', range: '>=0.4.0 <0.5.0', hasData: true }
244 silly addNameRange versions [ 'portfinder',
244 silly addNameRange   [ '0.1.0',
244 silly addNameRange     '0.2.0',
244 silly addNameRange     '0.2.1',
244 silly addNameRange     '0.3.0',
244 silly addNameRange     '0.4.0',
244 silly addNameRange     '1.0.0',
244 silly addNameRange     '1.0.1',
244 silly addNameRange     '1.0.2',
244 silly addNameRange     '1.0.3',
244 silly addNameRange     '1.0.4',
244 silly addNameRange     '1.0.5',
244 silly addNameRange     '1.0.6',
244 silly addNameRange     '1.0.7-beta.0',
244 silly addNameRange     '1.0.7',
244 silly addNameRange     '1.0.8',
244 silly addNameRange     '1.0.9' ] ]
245 silly addNamed portfinder@0.4.0
246 verbose addNamed "0.4.0" is a plain semver version for portfinder
247 verbose get https://registry.npmjs.org/ecstatic not expired, no request
248 silly addNameRange number 2 { name: 'ecstatic', range: '>=1.4.0 <2.0.0', hasData: true }
249 silly addNameRange versions [ 'ecstatic',
249 silly addNameRange   [ '0.0.0',
249 silly addNameRange     '0.0.1',
249 silly addNameRange     '0.1.0',
249 silly addNameRange     '0.1.1',
249 silly addNameRange     '0.1.1-1',
249 silly addNameRange     '0.1.2',
249 silly addNameRange     '0.1.2-1',
249 silly addNameRange     '0.1.4',
249 silly addNameRange     '0.1.5',
249 silly addNameRange     '0.1.6',
249 silly addNameRange     '0.1.7',
249 silly addNameRange     '0.3.0',
249 silly addNameRange     '0.3.1',
249 silly addNameRange     '0.3.2',
249 silly addNameRange     '0.4.0',
249 silly addNameRange     '0.4.1',
249 silly addNameRange     '0.4.2',
249 silly addNameRange     '0.4.3',
249 silly addNameRange     '0.4.4',
249 silly addNameRange     '0.4.5',
249 silly addNameRange     '0.4.6',
249 silly addNameRange     '0.4.7',
249 silly addNameRange     '0.4.8',
249 silly addNameRange     '0.4.9',
249 silly addNameRange     '0.4.10',
249 silly addNameRange     '0.4.11',
249 silly addNameRange     '0.4.12',
249 silly addNameRange     '0.4.13',
249 silly addNameRange     '0.5.0',
249 silly addNameRange     '0.5.1',
249 silly addNameRange     '0.5.2',
249 silly addNameRange     '0.5.3',
249 silly addNameRange     '0.5.4',
249 silly addNameRange     '0.5.5',
249 silly addNameRange     '0.5.6',
249 silly addNameRange     '0.5.7',
249 silly addNameRange     '0.5.8',
249 silly addNameRange     '0.6.0',
249 silly addNameRange     '0.6.1',
249 silly addNameRange     '0.7.0',
249 silly addNameRange     '0.7.1',
249 silly addNameRange     '0.7.2',
249 silly addNameRange     '0.7.3',
249 silly addNameRange     '0.7.4',
249 silly addNameRange     '0.7.5',
249 silly addNameRange     '0.7.6',
249 silly addNameRange     '0.8.0',
249 silly addNameRange     '1.0.0',
249 silly addNameRange     '1.0.1',
249 silly addNameRange     '1.1.0',
249 silly addNameRange     '1.1.1',
249 silly addNameRange     '1.1.2',
249 silly addNameRange     '1.1.3',
249 silly addNameRange     '1.2.0',
249 silly addNameRange     '1.3.0',
249 silly addNameRange     '1.3.1',
249 silly addNameRange     '1.4.0',
249 silly addNameRange     '1.4.1',
249 silly addNameRange     '2.0.0',
249 silly addNameRange     '2.1.0' ] ]
250 silly addNamed ecstatic@1.4.1
251 verbose addNamed "1.4.1" is a plain semver version for ecstatic
252 verbose get https://registry.npmjs.org/optimist not expired, no request
253 silly addNameRange number 2 { name: 'optimist', range: '>=0.6.0 <0.7.0', hasData: true }
254 silly addNameRange versions [ 'optimist',
254 silly addNameRange   [ '0.0.1',
254 silly addNameRange     '0.0.2',
254 silly addNameRange     '0.0.4',
254 silly addNameRange     '0.0.5',
254 silly addNameRange     '0.0.6',
254 silly addNameRange     '0.0.7',
254 silly addNameRange     '0.1.0',
254 silly addNameRange     '0.1.1',
254 silly addNameRange     '0.1.2',
254 silly addNameRange     '0.1.3',
254 silly addNameRange     '0.1.4',
254 silly addNameRange     '0.1.5',
254 silly addNameRange     '0.1.6',
254 silly addNameRange     '0.1.7',
254 silly addNameRange     '0.1.8',
254 silly addNameRange     '0.1.9',
254 silly addNameRange     '0.0.3',
254 silly addNameRange     '0.2.0',
254 silly addNameRange     '0.2.1',
254 silly addNameRange     '0.2.2',
254 silly addNameRange     '0.2.3',
254 silly addNameRange     '0.2.4',
254 silly addNameRange     '0.2.5',
254 silly addNameRange     '0.2.6',
254 silly addNameRange     '0.2.7',
254 silly addNameRange     '0.2.8',
254 silly addNameRange     '0.3.0',
254 silly addNameRange     '0.3.1',
254 silly addNameRange     '0.3.3',
254 silly addNameRange     '0.3.4',
254 silly addNameRange     '0.3.5',
254 silly addNameRange     '0.3.6',
254 silly addNameRange     '0.3.7',
254 silly addNameRange     '0.4.0',
254 silly addNameRange     '0.5.0',
254 silly addNameRange     '0.5.1',
254 silly addNameRange     '0.5.2',
254 silly addNameRange     '0.6.0',
254 silly addNameRange     '0.6.1' ] ]
255 silly addNamed optimist@0.6.1
256 verbose addNamed "0.6.1" is a plain semver version for optimist
257 verbose get https://registry.npmjs.org/http-proxy not expired, no request
258 silly addNameRange number 2 { name: 'http-proxy', range: '>=1.8.1 <2.0.0', hasData: true }
259 silly addNameRange versions [ 'http-proxy',
259 silly addNameRange   [ '0.5.9',
259 silly addNameRange     '0.5.10',
259 silly addNameRange     '0.5.11',
259 silly addNameRange     '0.6.0',
259 silly addNameRange     '0.6.1',
259 silly addNameRange     '0.6.2',
259 silly addNameRange     '0.6.4',
259 silly addNameRange     '0.6.5',
259 silly addNameRange     '0.6.6',
259 silly addNameRange     '0.7.0',
259 silly addNameRange     '0.7.2',
259 silly addNameRange     '0.7.3',
259 silly addNameRange     '0.7.4',
259 silly addNameRange     '0.7.5',
259 silly addNameRange     '0.7.6',
259 silly addNameRange     '0.8.0',
259 silly addNameRange     '0.8.1',
259 silly addNameRange     '0.8.2',
259 silly addNameRange     '0.8.3',
259 silly addNameRange     '0.8.4',
259 silly addNameRange     '0.8.5',
259 silly addNameRange     '0.8.6',
259 silly addNameRange     '0.8.7',
259 silly addNameRange     '0.9.0',
259 silly addNameRange     '0.9.1',
259 silly addNameRange     '0.10.0',
259 silly addNameRange     '0.10.1',
259 silly addNameRange     '0.10.2',
259 silly addNameRange     '0.10.3',
259 silly addNameRange     '0.10.4',
259 silly addNameRange     '1.0.0',
259 silly addNameRange     '1.0.1',
259 silly addNameRange     '1.0.2',
259 silly addNameRange     '1.0.3',
259 silly addNameRange     '1.1.0',
259 silly addNameRange     '1.1.1',
259 silly addNameRange     '1.1.2',
259 silly addNameRange     '1.1.3',
259 silly addNameRange     '1.1.4',
259 silly addNameRange     '1.1.5',
259 silly addNameRange     '1.1.6',
259 silly addNameRange     '1.2.0',
259 silly addNameRange     '1.2.1',
259 silly addNameRange     '1.3.0',
259 silly addNameRange     '1.4.0',
259 silly addNameRange     '1.4.1',
259 silly addNameRange     '1.4.2',
259 silly addNameRange     '1.4.3',
259 silly addNameRange     '1.5.0',
259 silly addNameRange     '1.5.1',
259 silly addNameRange     '1.5.2',
259 silly addNameRange     '1.5.3',
259 silly addNameRange     '1.6.0',
259 silly addNameRange     '1.6.1',
259 silly addNameRange     '1.6.2',
259 silly addNameRange     '1.7.0',
259 silly addNameRange     '1.7.1',
259 silly addNameRange     '1.7.2',
259 silly addNameRange     '1.7.3',
259 silly addNameRange     '1.8.0',
259 silly addNameRange     '1.8.1',
259 silly addNameRange     '1.9.0',
259 silly addNameRange     '1.9.1',
259 silly addNameRange     '1.10.0',
259 silly addNameRange     '1.10.1',
259 silly addNameRange     '1.11.0',
259 silly addNameRange     '1.11.1',
259 silly addNameRange     '1.11.2',
259 silly addNameRange     '1.11.3',
259 silly addNameRange     '1.12.0',
259 silly addNameRange     '1.12.1',
259 silly addNameRange     '1.13.0',
259 silly addNameRange     '1.13.1',
259 silly addNameRange     '1.13.2',
259 silly addNameRange     '1.13.3',
259 silly addNameRange     '1.14.0',
259 silly addNameRange     '1.15.0',
259 silly addNameRange     '1.15.1',
259 silly addNameRange     '1.15.2' ] ]
260 silly addNamed http-proxy@1.15.2
261 verbose addNamed "1.15.2" is a plain semver version for http-proxy
262 silly cache afterAdd colors@1.0.3
263 verbose afterAdd /home/muneeb/.npm/colors/1.0.3/package/package.json not in flight; writing
264 silly cache afterAdd portfinder@0.4.0
265 verbose afterAdd /home/muneeb/.npm/portfinder/0.4.0/package/package.json not in flight; writing
266 silly cache afterAdd opener@1.4.2
267 verbose afterAdd /home/muneeb/.npm/opener/1.4.2/package/package.json not in flight; writing
268 silly cache afterAdd ecstatic@1.4.1
269 verbose afterAdd /home/muneeb/.npm/ecstatic/1.4.1/package/package.json not in flight; writing
270 silly cache afterAdd optimist@0.6.1
271 verbose afterAdd /home/muneeb/.npm/optimist/0.6.1/package/package.json not in flight; writing
272 silly cache afterAdd http-proxy@1.15.2
273 verbose afterAdd /home/muneeb/.npm/http-proxy/1.15.2/package/package.json not in flight; writing
274 verbose afterAdd /home/muneeb/.npm/colors/1.0.3/package/package.json written
275 verbose afterAdd /home/muneeb/.npm/portfinder/0.4.0/package/package.json written
276 verbose afterAdd /home/muneeb/.npm/opener/1.4.2/package/package.json written
277 verbose afterAdd /home/muneeb/.npm/ecstatic/1.4.1/package/package.json written
278 verbose afterAdd /home/muneeb/.npm/optimist/0.6.1/package/package.json written
279 verbose afterAdd /home/muneeb/.npm/http-proxy/1.15.2/package/package.json written
280 http 304 https://registry.npmjs.org/union
281 verbose headers { date: 'Sat, 05 Nov 2016 06:45:53 GMT',
281 verbose headers   via: '1.1 varnish',
281 verbose headers   'cache-control': 'max-age=300',
281 verbose headers   etag: '"CXX7J2UCI9HOC54YODHUKELRC"',
281 verbose headers   age: '89',
281 verbose headers   connection: 'keep-alive',
281 verbose headers   'x-served-by': 'cache-sin6921-SIN',
281 verbose headers   'x-cache': 'HIT',
281 verbose headers   'x-cache-hits': '1',
281 verbose headers   'x-timer': 'S1478328353.254375,VS0,VE0',
281 verbose headers   vary: 'Accept-Encoding' }
282 silly get cb [ 304,
282 silly get   { date: 'Sat, 05 Nov 2016 06:45:53 GMT',
282 silly get     via: '1.1 varnish',
282 silly get     'cache-control': 'max-age=300',
282 silly get     etag: '"CXX7J2UCI9HOC54YODHUKELRC"',
282 silly get     age: '89',
282 silly get     connection: 'keep-alive',
282 silly get     'x-served-by': 'cache-sin6921-SIN',
282 silly get     'x-cache': 'HIT',
282 silly get     'x-cache-hits': '1',
282 silly get     'x-timer': 'S1478328353.254375,VS0,VE0',
282 silly get     vary: 'Accept-Encoding' } ]
283 verbose etag https://registry.npmjs.org/union from cache
284 verbose get saving union to /home/muneeb/.npm/registry.npmjs.org/union/.cache.json
285 silly resolveWithNewModule union@0.4.6 checking installable status
286 silly cache add args [ 'union@~0.4.3', null ]
287 verbose cache add spec union@~0.4.3
288 silly cache add parsed spec Result {
288 silly cache add   raw: 'union@~0.4.3',
288 silly cache add   scope: null,
288 silly cache add   name: 'union',
288 silly cache add   rawSpec: '~0.4.3',
288 silly cache add   spec: '>=0.4.3 <0.5.0',
288 silly cache add   type: 'range' }
289 silly addNamed union@>=0.4.3 <0.5.0
290 verbose addNamed ">=0.4.3 <0.5.0" is a valid semver range for union
291 silly addNameRange { name: 'union', range: '>=0.4.3 <0.5.0', hasData: false }
292 silly mapToRegistry name union
293 silly mapToRegistry using default registry
294 silly mapToRegistry registry https://registry.npmjs.org/
295 silly mapToRegistry uri https://registry.npmjs.org/union
296 verbose addNameRange registry:https://registry.npmjs.org/union not in flight; fetching
297 verbose get https://registry.npmjs.org/union not expired, no request
298 silly addNameRange number 2 { name: 'union', range: '>=0.4.3 <0.5.0', hasData: true }
299 silly addNameRange versions [ 'union',
299 silly addNameRange   [ '0.1.0',
299 silly addNameRange     '0.1.2',
299 silly addNameRange     '0.1.3',
299 silly addNameRange     '0.1.4',
299 silly addNameRange     '0.1.5',
299 silly addNameRange     '0.1.6',
299 silly addNameRange     '0.1.7',
299 silly addNameRange     '0.1.8',
299 silly addNameRange     '0.2.0',
299 silly addNameRange     '0.2.1',
299 silly addNameRange     '0.3.0',
299 silly addNameRange     '0.3.2',
299 silly addNameRange     '0.3.3',
299 silly addNameRange     '0.3.4',
299 silly addNameRange     '0.3.5',
299 silly addNameRange     '0.3.6',
299 silly addNameRange     '0.3.7',
299 silly addNameRange     '0.3.8',
299 silly addNameRange     '0.4.0',
299 silly addNameRange     '0.4.1',
299 silly addNameRange     '0.4.2',
299 silly addNameRange     '0.4.3',
299 silly addNameRange     '0.4.4',
299 silly addNameRange     '0.4.5',
299 silly addNameRange     '0.4.6' ] ]
300 silly addNamed union@0.4.6
301 verbose addNamed "0.4.6" is a plain semver version for union
302 silly cache afterAdd union@0.4.6
303 verbose afterAdd /home/muneeb/.npm/union/0.4.6/package/package.json not in flight; writing
304 verbose afterAdd /home/muneeb/.npm/union/0.4.6/package/package.json written
305 http 304 https://registry.npmjs.org/corser
306 verbose headers { date: 'Sat, 05 Nov 2016 06:45:54 GMT',
306 verbose headers   via: '1.1 varnish',
306 verbose headers   'cache-control': 'max-age=300',
306 verbose headers   etag: '"BQ9027Q706XQS21MJ192S2E6R"',
306 verbose headers   age: '90',
306 verbose headers   connection: 'keep-alive',
306 verbose headers   'x-served-by': 'cache-sin6922-SIN',
306 verbose headers   'x-cache': 'HIT',
306 verbose headers   'x-cache-hits': '2',
306 verbose headers   'x-timer': 'S1478328354.660624,VS0,VE0',
306 verbose headers   vary: 'Accept-Encoding' }
307 silly get cb [ 304,
307 silly get   { date: 'Sat, 05 Nov 2016 06:45:54 GMT',
307 silly get     via: '1.1 varnish',
307 silly get     'cache-control': 'max-age=300',
307 silly get     etag: '"BQ9027Q706XQS21MJ192S2E6R"',
307 silly get     age: '90',
307 silly get     connection: 'keep-alive',
307 silly get     'x-served-by': 'cache-sin6922-SIN',
307 silly get     'x-cache': 'HIT',
307 silly get     'x-cache-hits': '2',
307 silly get     'x-timer': 'S1478328354.660624,VS0,VE0',
307 silly get     vary: 'Accept-Encoding' } ]
308 verbose etag https://registry.npmjs.org/corser from cache
309 verbose get saving corser to /home/muneeb/.npm/registry.npmjs.org/corser/.cache.json
310 silly resolveWithNewModule corser@2.0.1 checking installable status
311 silly cache add args [ 'corser@~2.0.0', null ]
312 verbose cache add spec corser@~2.0.0
313 silly cache add parsed spec Result {
313 silly cache add   raw: 'corser@~2.0.0',
313 silly cache add   scope: null,
313 silly cache add   name: 'corser',
313 silly cache add   rawSpec: '~2.0.0',
313 silly cache add   spec: '>=2.0.0 <2.1.0',
313 silly cache add   type: 'range' }
314 silly addNamed corser@>=2.0.0 <2.1.0
315 verbose addNamed ">=2.0.0 <2.1.0" is a valid semver range for corser
316 silly addNameRange { name: 'corser', range: '>=2.0.0 <2.1.0', hasData: false }
317 silly mapToRegistry name corser
318 silly mapToRegistry using default registry
319 silly mapToRegistry registry https://registry.npmjs.org/
320 silly mapToRegistry uri https://registry.npmjs.org/corser
321 verbose addNameRange registry:https://registry.npmjs.org/corser not in flight; fetching
322 verbose get https://registry.npmjs.org/corser not expired, no request
323 silly addNameRange number 2 { name: 'corser', range: '>=2.0.0 <2.1.0', hasData: true }
324 silly addNameRange versions [ 'corser',
324 silly addNameRange   [ '0.1.0',
324 silly addNameRange     '0.2.0',
324 silly addNameRange     '1.0.0',
324 silly addNameRange     '1.0.1',
324 silly addNameRange     '1.0.2',
324 silly addNameRange     '1.1.0',
324 silly addNameRange     '1.1.1',
324 silly addNameRange     '1.1.2',
324 silly addNameRange     '1.2.0',
324 silly addNameRange     '2.0.0',
324 silly addNameRange     '2.0.1' ] ]
325 silly addNamed corser@2.0.1
326 verbose addNamed "2.0.1" is a plain semver version for corser
327 silly cache afterAdd corser@2.0.1
328 verbose afterAdd /home/muneeb/.npm/corser/2.0.1/package/package.json not in flight; writing
329 verbose afterAdd /home/muneeb/.npm/corser/2.0.1/package/package.json written
330 silly fetchNamedPackageData he
331 silly mapToRegistry name he
332 silly mapToRegistry using default registry
333 silly mapToRegistry registry https://registry.npmjs.org/
334 silly mapToRegistry uri https://registry.npmjs.org/he
335 silly fetchNamedPackageData mime
336 silly mapToRegistry name mime
337 silly mapToRegistry using default registry
338 silly mapToRegistry registry https://registry.npmjs.org/
339 silly mapToRegistry uri https://registry.npmjs.org/mime
340 silly fetchNamedPackageData minimist
341 silly mapToRegistry name minimist
342 silly mapToRegistry using default registry
343 silly mapToRegistry registry https://registry.npmjs.org/
344 silly mapToRegistry uri https://registry.npmjs.org/minimist
345 silly fetchNamedPackageData url-join
346 silly mapToRegistry name url-join
347 silly mapToRegistry using default registry
348 silly mapToRegistry registry https://registry.npmjs.org/
349 silly mapToRegistry uri https://registry.npmjs.org/url-join
350 verbose request uri https://registry.npmjs.org/he
351 verbose request no auth needed
352 info attempt registry request try #1 at 12:15:55 PM
353 verbose etag "8JG90G2KYMAZLUD73GZRW4O0O"
354 http request GET https://registry.npmjs.org/he
355 verbose request uri https://registry.npmjs.org/mime
356 verbose request no auth needed
357 info attempt registry request try #1 at 12:15:55 PM
358 verbose etag "44P31JPRFYTDS09J7XIM8JIHM"
359 http request GET https://registry.npmjs.org/mime
360 verbose request uri https://registry.npmjs.org/minimist
361 verbose request no auth needed
362 info attempt registry request try #1 at 12:15:55 PM
363 verbose etag "C8DPR6G8JDQ90VQK24DOOLT0U"
364 http request GET https://registry.npmjs.org/minimist
365 verbose request uri https://registry.npmjs.org/url-join
366 verbose request no auth needed
367 info attempt registry request try #1 at 12:15:55 PM
368 verbose etag "1L52R4EQ02VEUC59QNS5FB8B6"
369 http request GET https://registry.npmjs.org/url-join
370 http 304 https://registry.npmjs.org/he
371 verbose headers { date: 'Sat, 05 Nov 2016 06:45:57 GMT',
371 verbose headers   via: '1.1 varnish',
371 verbose headers   'cache-control': 'max-age=300',
371 verbose headers   etag: '"8JG90G2KYMAZLUD73GZRW4O0O"',
371 verbose headers   age: '116',
371 verbose headers   connection: 'keep-alive',
371 verbose headers   'x-served-by': 'cache-sin6924-SIN',
371 verbose headers   'x-cache': 'HIT',
371 verbose headers   'x-cache-hits': '4',
371 verbose headers   'x-timer': 'S1478328357.642539,VS0,VE0',
371 verbose headers   vary: 'Accept-Encoding' }
372 silly get cb [ 304,
372 silly get   { date: 'Sat, 05 Nov 2016 06:45:57 GMT',
372 silly get     via: '1.1 varnish',
372 silly get     'cache-control': 'max-age=300',
372 silly get     etag: '"8JG90G2KYMAZLUD73GZRW4O0O"',
372 silly get     age: '116',
372 silly get     connection: 'keep-alive',
372 silly get     'x-served-by': 'cache-sin6924-SIN',
372 silly get     'x-cache': 'HIT',
372 silly get     'x-cache-hits': '4',
372 silly get     'x-timer': 'S1478328357.642539,VS0,VE0',
372 silly get     vary: 'Accept-Encoding' } ]
373 verbose etag https://registry.npmjs.org/he from cache
374 verbose get saving he to /home/muneeb/.npm/registry.npmjs.org/he/.cache.json
375 http 304 https://registry.npmjs.org/url-join
376 verbose headers { date: 'Sat, 05 Nov 2016 06:45:57 GMT',
376 verbose headers   via: '1.1 varnish',
376 verbose headers   'cache-control': 'max-age=300',
376 verbose headers   etag: '"1L52R4EQ02VEUC59QNS5FB8B6"',
376 verbose headers   age: '15',
376 verbose headers   connection: 'keep-alive',
376 verbose headers   'x-served-by': 'cache-sin6925-SIN',
376 verbose headers   'x-cache': 'HIT',
376 verbose headers   'x-cache-hits': '2',
376 verbose headers   'x-timer': 'S1478328357.678618,VS0,VE0',
376 verbose headers   vary: 'Accept-Encoding' }
377 silly get cb [ 304,
377 silly get   { date: 'Sat, 05 Nov 2016 06:45:57 GMT',
377 silly get     via: '1.1 varnish',
377 silly get     'cache-control': 'max-age=300',
377 silly get     etag: '"1L52R4EQ02VEUC59QNS5FB8B6"',
377 silly get     age: '15',
377 silly get     connection: 'keep-alive',
377 silly get     'x-served-by': 'cache-sin6925-SIN',
377 silly get     'x-cache': 'HIT',
377 silly get     'x-cache-hits': '2',
377 silly get     'x-timer': 'S1478328357.678618,VS0,VE0',
377 silly get     vary: 'Accept-Encoding' } ]
378 verbose etag https://registry.npmjs.org/url-join from cache
379 verbose get saving url-join to /home/muneeb/.npm/registry.npmjs.org/url-join/.cache.json
380 http 304 https://registry.npmjs.org/mime
381 verbose headers { date: 'Sat, 05 Nov 2016 06:45:57 GMT',
381 verbose headers   via: '1.1 varnish',
381 verbose headers   'cache-control': 'max-age=300',
381 verbose headers   etag: '"44P31JPRFYTDS09J7XIM8JIHM"',
381 verbose headers   age: '251',
381 verbose headers   connection: 'keep-alive',
381 verbose headers   'x-served-by': 'cache-sin6922-SIN',
381 verbose headers   'x-cache': 'HIT',
381 verbose headers   'x-cache-hits': '14',
381 verbose headers   'x-timer': 'S1478328357.707028,VS0,VE0',
381 verbose headers   vary: 'Accept-Encoding' }
382 silly get cb [ 304,
382 silly get   { date: 'Sat, 05 Nov 2016 06:45:57 GMT',
382 silly get     via: '1.1 varnish',
382 silly get     'cache-control': 'max-age=300',
382 silly get     etag: '"44P31JPRFYTDS09J7XIM8JIHM"',
382 silly get     age: '251',
382 silly get     connection: 'keep-alive',
382 silly get     'x-served-by': 'cache-sin6922-SIN',
382 silly get     'x-cache': 'HIT',
382 silly get     'x-cache-hits': '14',
382 silly get     'x-timer': 'S1478328357.707028,VS0,VE0',
382 silly get     vary: 'Accept-Encoding' } ]
383 verbose etag https://registry.npmjs.org/mime from cache
384 verbose get saving mime to /home/muneeb/.npm/registry.npmjs.org/mime/.cache.json
385 http 304 https://registry.npmjs.org/minimist
386 verbose headers { date: 'Sat, 05 Nov 2016 06:45:57 GMT',
386 verbose headers   via: '1.1 varnish',
386 verbose headers   'cache-control': 'max-age=300',
386 verbose headers   etag: '"C8DPR6G8JDQ90VQK24DOOLT0U"',
386 verbose headers   age: '145',
386 verbose headers   connection: 'keep-alive',
386 verbose headers   'x-served-by': 'cache-sin6920-SIN',
386 verbose headers   'x-cache': 'HIT',
386 verbose headers   'x-cache-hits': '303',
386 verbose headers   'x-timer': 'S1478328357.709286,VS0,VE0',
386 verbose headers   vary: 'Accept-Encoding' }
387 silly get cb [ 304,
387 silly get   { date: 'Sat, 05 Nov 2016 06:45:57 GMT',
387 silly get     via: '1.1 varnish',
387 silly get     'cache-control': 'max-age=300',
387 silly get     etag: '"C8DPR6G8JDQ90VQK24DOOLT0U"',
387 silly get     age: '145',
387 silly get     connection: 'keep-alive',
387 silly get     'x-served-by': 'cache-sin6920-SIN',
387 silly get     'x-cache': 'HIT',
387 silly get     'x-cache-hits': '303',
387 silly get     'x-timer': 'S1478328357.709286,VS0,VE0',
387 silly get     vary: 'Accept-Encoding' } ]
388 verbose etag https://registry.npmjs.org/minimist from cache
389 verbose get saving minimist to /home/muneeb/.npm/registry.npmjs.org/minimist/.cache.json
390 silly resolveWithNewModule url-join@1.1.0 checking installable status
391 silly cache add args [ 'url-join@^1.0.0', null ]
392 verbose cache add spec url-join@^1.0.0
393 silly cache add parsed spec Result {
393 silly cache add   raw: 'url-join@^1.0.0',
393 silly cache add   scope: null,
393 silly cache add   name: 'url-join',
393 silly cache add   rawSpec: '^1.0.0',
393 silly cache add   spec: '>=1.0.0 <2.0.0',
393 silly cache add   type: 'range' }
394 silly addNamed url-join@>=1.0.0 <2.0.0
395 verbose addNamed ">=1.0.0 <2.0.0" is a valid semver range for url-join
396 silly addNameRange { name: 'url-join', range: '>=1.0.0 <2.0.0', hasData: false }
397 silly mapToRegistry name url-join
398 silly mapToRegistry using default registry
399 silly mapToRegistry registry https://registry.npmjs.org/
400 silly mapToRegistry uri https://registry.npmjs.org/url-join
401 verbose addNameRange registry:https://registry.npmjs.org/url-join not in flight; fetching
402 silly resolveWithNewModule he@0.5.0 checking installable status
403 silly cache add args [ 'he@^0.5.0', null ]
404 verbose cache add spec he@^0.5.0
405 silly cache add parsed spec Result {
405 silly cache add   raw: 'he@^0.5.0',
405 silly cache add   scope: null,
405 silly cache add   name: 'he',
405 silly cache add   rawSpec: '^0.5.0',
405 silly cache add   spec: '>=0.5.0 <0.6.0',
405 silly cache add   type: 'range' }
406 silly addNamed he@>=0.5.0 <0.6.0
407 verbose addNamed ">=0.5.0 <0.6.0" is a valid semver range for he
408 silly addNameRange { name: 'he', range: '>=0.5.0 <0.6.0', hasData: false }
409 silly mapToRegistry name he
410 silly mapToRegistry using default registry
411 silly mapToRegistry registry https://registry.npmjs.org/
412 silly mapToRegistry uri https://registry.npmjs.org/he
413 verbose addNameRange registry:https://registry.npmjs.org/he not in flight; fetching
414 silly resolveWithNewModule mime@1.3.4 checking installable status
415 silly cache add args [ 'mime@^1.2.11', null ]
416 verbose cache add spec mime@^1.2.11
417 silly cache add parsed spec Result {
417 silly cache add   raw: 'mime@^1.2.11',
417 silly cache add   scope: null,
417 silly cache add   name: 'mime',
417 silly cache add   rawSpec: '^1.2.11',
417 silly cache add   spec: '>=1.2.11 <2.0.0',
417 silly cache add   type: 'range' }
418 silly addNamed mime@>=1.2.11 <2.0.0
419 verbose addNamed ">=1.2.11 <2.0.0" is a valid semver range for mime
420 silly addNameRange { name: 'mime', range: '>=1.2.11 <2.0.0', hasData: false }
421 silly mapToRegistry name mime
422 silly mapToRegistry using default registry
423 silly mapToRegistry registry https://registry.npmjs.org/
424 silly mapToRegistry uri https://registry.npmjs.org/mime
425 verbose addNameRange registry:https://registry.npmjs.org/mime not in flight; fetching
426 silly resolveWithNewModule minimist@1.2.0 checking installable status
427 silly cache add args [ 'minimist@^1.1.0', null ]
428 verbose cache add spec minimist@^1.1.0
429 silly cache add parsed spec Result {
429 silly cache add   raw: 'minimist@^1.1.0',
429 silly cache add   scope: null,
429 silly cache add   name: 'minimist',
429 silly cache add   rawSpec: '^1.1.0',
429 silly cache add   spec: '>=1.1.0 <2.0.0',
429 silly cache add   type: 'range' }
430 silly addNamed minimist@>=1.1.0 <2.0.0
431 verbose addNamed ">=1.1.0 <2.0.0" is a valid semver range for minimist
432 silly addNameRange { name: 'minimist', range: '>=1.1.0 <2.0.0', hasData: false }
433 silly mapToRegistry name minimist
434 silly mapToRegistry using default registry
435 silly mapToRegistry registry https://registry.npmjs.org/
436 silly mapToRegistry uri https://registry.npmjs.org/minimist
437 verbose addNameRange registry:https://registry.npmjs.org/minimist not in flight; fetching
438 verbose get https://registry.npmjs.org/url-join not expired, no request
439 silly addNameRange number 2 { name: 'url-join', range: '>=1.0.0 <2.0.0', hasData: true }
440 silly addNameRange versions [ 'url-join', [ '0.0.1', '1.0.0', '1.1.0' ] ]
441 silly addNamed url-join@1.1.0
442 verbose addNamed "1.1.0" is a plain semver version for url-join
443 verbose get https://registry.npmjs.org/he not expired, no request
444 silly addNameRange number 2 { name: 'he', range: '>=0.5.0 <0.6.0', hasData: true }
445 silly addNameRange versions [ 'he',
445 silly addNameRange   [ '0.1.0',
445 silly addNameRange     '0.1.1',
445 silly addNameRange     '0.1.2',
445 silly addNameRange     '0.1.3',
445 silly addNameRange     '0.1.4',
445 silly addNameRange     '0.1.5',
445 silly addNameRange     '0.1.6',
445 silly addNameRange     '0.1.7',
445 silly addNameRange     '0.1.8',
445 silly addNameRange     '0.1.9',
445 silly addNameRange     '0.1.10',
445 silly addNameRange     '0.2.0',
445 silly addNameRange     '0.2.1',
445 silly addNameRange     '0.3.0',
445 silly addNameRange     '0.3.1',
445 silly addNameRange     '0.3.2',
445 silly addNameRange     '0.3.3',
445 silly addNameRange     '0.3.4',
445 silly addNameRange     '0.3.5',
445 silly addNameRange     '0.3.6',
445 silly addNameRange     '0.4.0',
445 silly addNameRange     '0.4.1',
445 silly addNameRange     '0.5.0',
445 silly addNameRange     '1.0.0',
445 silly addNameRange     '1.1.0' ] ]
446 silly addNamed he@0.5.0
447 verbose addNamed "0.5.0" is a plain semver version for he
448 verbose get https://registry.npmjs.org/mime not expired, no request
449 silly addNameRange number 2 { name: 'mime', range: '>=1.2.11 <2.0.0', hasData: true }
450 silly addNameRange versions [ 'mime',
450 silly addNameRange   [ '1.0.0',
450 silly addNameRange     '1.1.0',
450 silly addNameRange     '1.2.1',
450 silly addNameRange     '1.2.2',
450 silly addNameRange     '1.2.3',
450 silly addNameRange     '1.2.4',
450 silly addNameRange     '1.2.5',
450 silly addNameRange     '1.2.6',
450 silly addNameRange     '1.2.7',
450 silly addNameRange     '1.2.8',
450 silly addNameRange     '1.2.9',
450 silly addNameRange     '1.2.10',
450 silly addNameRange     '1.2.11',
450 silly addNameRange     '1.3.0',
450 silly addNameRange     '1.3.2',
450 silly addNameRange     '1.3.3',
450 silly addNameRange     '1.3.4' ] ]
451 silly addNamed mime@1.3.4
452 verbose addNamed "1.3.4" is a plain semver version for mime
453 verbose get https://registry.npmjs.org/minimist not expired, no request
454 silly addNameRange number 2 { name: 'minimist', range: '>=1.1.0 <2.0.0', hasData: true }
455 silly addNameRange versions [ 'minimist',
455 silly addNameRange   [ '0.0.0',
455 silly addNameRange     '0.0.1',
455 silly addNameRange     '0.0.2',
455 silly addNameRange     '0.0.3',
455 silly addNameRange     '0.0.4',
455 silly addNameRange     '0.0.5',
455 silly addNameRange     '0.0.6',
455 silly addNameRange     '0.0.7',
455 silly addNameRange     '0.0.8',
455 silly addNameRange     '0.0.9',
455 silly addNameRange     '0.0.10',
455 silly addNameRange     '0.1.0',
455 silly addNameRange     '0.2.0',
455 silly addNameRange     '1.0.0',
455 silly addNameRange     '1.1.0',
455 silly addNameRange     '1.1.1',
455 silly addNameRange     '1.1.2',
455 silly addNameRange     '1.1.3',
455 silly addNameRange     '1.2.0' ] ]
456 silly addNamed minimist@1.2.0
457 verbose addNamed "1.2.0" is a plain semver version for minimist
458 silly cache afterAdd url-join@1.1.0
459 verbose afterAdd /home/muneeb/.npm/url-join/1.1.0/package/package.json not in flight; writing
460 silly cache afterAdd he@0.5.0
461 verbose afterAdd /home/muneeb/.npm/he/0.5.0/package/package.json not in flight; writing
462 silly cache afterAdd mime@1.3.4
463 verbose afterAdd /home/muneeb/.npm/mime/1.3.4/package/package.json not in flight; writing
464 silly cache afterAdd minimist@1.2.0
465 verbose afterAdd /home/muneeb/.npm/minimist/1.2.0/package/package.json not in flight; writing
466 verbose afterAdd /home/muneeb/.npm/url-join/1.1.0/package/package.json written
467 verbose afterAdd /home/muneeb/.npm/he/0.5.0/package/package.json written
468 verbose afterAdd /home/muneeb/.npm/mime/1.3.4/package/package.json written
469 verbose afterAdd /home/muneeb/.npm/minimist/1.2.0/package/package.json written
470 silly fetchNamedPackageData eventemitter3
471 silly mapToRegistry name eventemitter3
472 silly mapToRegistry using default registry
473 silly mapToRegistry registry https://registry.npmjs.org/
474 silly mapToRegistry uri https://registry.npmjs.org/eventemitter3
475 silly fetchNamedPackageData requires-port
476 silly mapToRegistry name requires-port
477 silly mapToRegistry using default registry
478 silly mapToRegistry registry https://registry.npmjs.org/
479 silly mapToRegistry uri https://registry.npmjs.org/requires-port
480 verbose request uri https://registry.npmjs.org/eventemitter3
481 verbose request no auth needed
482 info attempt registry request try #1 at 12:15:58 PM
483 verbose etag "19GIZ47IKWF65C6XRNSS0OSK2"
484 http request GET https://registry.npmjs.org/eventemitter3
485 verbose request uri https://registry.npmjs.org/requires-port
486 verbose request no auth needed
487 info attempt registry request try #1 at 12:15:58 PM
488 verbose etag "7856DK1M4DK9VEZQAX9FVVXRK"
489 http request GET https://registry.npmjs.org/requires-port
490 http 304 https://registry.npmjs.org/eventemitter3
491 verbose headers { date: 'Sat, 05 Nov 2016 06:46:00 GMT',
491 verbose headers   via: '1.1 varnish',
491 verbose headers   'cache-control': 'max-age=300',
491 verbose headers   etag: '"19GIZ47IKWF65C6XRNSS0OSK2"',
491 verbose headers   age: '107',
491 verbose headers   connection: 'keep-alive',
491 verbose headers   'x-served-by': 'cache-sin6923-SIN',
491 verbose headers   'x-cache': 'HIT',
491 verbose headers   'x-cache-hits': '4',
491 verbose headers   'x-timer': 'S1478328360.426760,VS0,VE0',
491 verbose headers   vary: 'Accept-Encoding' }
492 silly get cb [ 304,
492 silly get   { date: 'Sat, 05 Nov 2016 06:46:00 GMT',
492 silly get     via: '1.1 varnish',
492 silly get     'cache-control': 'max-age=300',
492 silly get     etag: '"19GIZ47IKWF65C6XRNSS0OSK2"',
492 silly get     age: '107',
492 silly get     connection: 'keep-alive',
492 silly get     'x-served-by': 'cache-sin6923-SIN',
492 silly get     'x-cache': 'HIT',
492 silly get     'x-cache-hits': '4',
492 silly get     'x-timer': 'S1478328360.426760,VS0,VE0',
492 silly get     vary: 'Accept-Encoding' } ]
493 verbose etag https://registry.npmjs.org/eventemitter3 from cache
494 verbose get saving eventemitter3 to /home/muneeb/.npm/registry.npmjs.org/eventemitter3/.cache.json
495 http 304 https://registry.npmjs.org/requires-port
496 verbose headers { date: 'Sat, 05 Nov 2016 06:46:00 GMT',
496 verbose headers   via: '1.1 varnish',
496 verbose headers   'cache-control': 'max-age=300',
496 verbose headers   etag: '"7856DK1M4DK9VEZQAX9FVVXRK"',
496 verbose headers   age: '116',
496 verbose headers   connection: 'keep-alive',
496 verbose headers   'x-served-by': 'cache-sin6926-SIN',
496 verbose headers   'x-cache': 'HIT',
496 verbose headers   'x-cache-hits': '4',
496 verbose headers   'x-timer': 'S1478328360.442169,VS0,VE0',
496 verbose headers   vary: 'Accept-Encoding' }
497 silly get cb [ 304,
497 silly get   { date: 'Sat, 05 Nov 2016 06:46:00 GMT',
497 silly get     via: '1.1 varnish',
497 silly get     'cache-control': 'max-age=300',
497 silly get     etag: '"7856DK1M4DK9VEZQAX9FVVXRK"',
497 silly get     age: '116',
497 silly get     connection: 'keep-alive',
497 silly get     'x-served-by': 'cache-sin6926-SIN',
497 silly get     'x-cache': 'HIT',
497 silly get     'x-cache-hits': '4',
497 silly get     'x-timer': 'S1478328360.442169,VS0,VE0',
497 silly get     vary: 'Accept-Encoding' } ]
498 verbose etag https://registry.npmjs.org/requires-port from cache
499 verbose get saving requires-port to /home/muneeb/.npm/registry.npmjs.org/requires-port/.cache.json
500 silly resolveWithNewModule eventemitter3@1.2.0 checking installable status
501 silly cache add args [ 'eventemitter3@1.x.x', null ]
502 verbose cache add spec eventemitter3@1.x.x
503 silly cache add parsed spec Result {
503 silly cache add   raw: 'eventemitter3@1.x.x',
503 silly cache add   scope: null,
503 silly cache add   name: 'eventemitter3',
503 silly cache add   rawSpec: '1.x.x',
503 silly cache add   spec: '>=1.0.0 <2.0.0',
503 silly cache add   type: 'range' }
504 silly addNamed eventemitter3@>=1.0.0 <2.0.0
505 verbose addNamed ">=1.0.0 <2.0.0" is a valid semver range for eventemitter3
506 silly addNameRange { name: 'eventemitter3',
506 silly addNameRange   range: '>=1.0.0 <2.0.0',
506 silly addNameRange   hasData: false }
507 silly mapToRegistry name eventemitter3
508 silly mapToRegistry using default registry
509 silly mapToRegistry registry https://registry.npmjs.org/
510 silly mapToRegistry uri https://registry.npmjs.org/eventemitter3
511 verbose addNameRange registry:https://registry.npmjs.org/eventemitter3 not in flight; fetching
512 silly resolveWithNewModule requires-port@1.0.0 checking installable status
513 silly cache add args [ 'requires-port@1.x.x', null ]
514 verbose cache add spec requires-port@1.x.x
515 silly cache add parsed spec Result {
515 silly cache add   raw: 'requires-port@1.x.x',
515 silly cache add   scope: null,
515 silly cache add   name: 'requires-port',
515 silly cache add   rawSpec: '1.x.x',
515 silly cache add   spec: '>=1.0.0 <2.0.0',
515 silly cache add   type: 'range' }
516 silly addNamed requires-port@>=1.0.0 <2.0.0
517 verbose addNamed ">=1.0.0 <2.0.0" is a valid semver range for requires-port
518 silly addNameRange { name: 'requires-port',
518 silly addNameRange   range: '>=1.0.0 <2.0.0',
518 silly addNameRange   hasData: false }
519 silly mapToRegistry name requires-port
520 silly mapToRegistry using default registry
521 silly mapToRegistry registry https://registry.npmjs.org/
522 silly mapToRegistry uri https://registry.npmjs.org/requires-port
523 verbose addNameRange registry:https://registry.npmjs.org/requires-port not in flight; fetching
524 verbose get https://registry.npmjs.org/eventemitter3 not expired, no request
525 silly addNameRange number 2 { name: 'eventemitter3', range: '>=1.0.0 <2.0.0', hasData: true }
526 silly addNameRange versions [ 'eventemitter3',
526 silly addNameRange   [ '0.0.0',
526 silly addNameRange     '0.0.1',
526 silly addNameRange     '0.1.0',
526 silly addNameRange     '0.1.1',
526 silly addNameRange     '0.1.2',
526 silly addNameRange     '0.1.3',
526 silly addNameRange     '0.1.4',
526 silly addNameRange     '0.1.5',
526 silly addNameRange     '0.1.6',
526 silly addNameRange     '1.0.0',
526 silly addNameRange     '1.0.1',
526 silly addNameRange     '1.0.2',
526 silly addNameRange     '1.0.3',
526 silly addNameRange     '1.1.0',
526 silly addNameRange     '1.1.1',
526 silly addNameRange     '1.2.0',
526 silly addNameRange     '2.0.0',
526 silly addNameRange     '2.0.1',
526 silly addNameRange     '2.0.2' ] ]
527 silly addNamed eventemitter3@1.2.0
528 verbose addNamed "1.2.0" is a plain semver version for eventemitter3
529 verbose get https://registry.npmjs.org/requires-port not expired, no request
530 silly addNameRange number 2 { name: 'requires-port', range: '>=1.0.0 <2.0.0', hasData: true }
531 silly addNameRange versions [ 'requires-port', [ '0.0.0', '0.0.1', '1.0.0' ] ]
532 silly addNamed requires-port@1.0.0
533 verbose addNamed "1.0.0" is a plain semver version for requires-port
534 silly cache afterAdd eventemitter3@1.2.0
535 verbose afterAdd /home/muneeb/.npm/eventemitter3/1.2.0/package/package.json not in flight; writing
536 silly cache afterAdd requires-port@1.0.0
537 verbose afterAdd /home/muneeb/.npm/requires-port/1.0.0/package/package.json not in flight; writing
538 verbose afterAdd /home/muneeb/.npm/eventemitter3/1.2.0/package/package.json written
539 verbose afterAdd /home/muneeb/.npm/requires-port/1.0.0/package/package.json written
540 silly fetchNamedPackageData wordwrap
541 silly mapToRegistry name wordwrap
542 silly mapToRegistry using default registry
543 silly mapToRegistry registry https://registry.npmjs.org/
544 silly mapToRegistry uri https://registry.npmjs.org/wordwrap
545 silly fetchNamedPackageData minimist
546 silly mapToRegistry name minimist
547 silly mapToRegistry using default registry
548 silly mapToRegistry registry https://registry.npmjs.org/
549 silly mapToRegistry uri https://registry.npmjs.org/minimist
550 silly resolveWithNewModule minimist@0.0.10 checking installable status
551 silly cache add args [ 'minimist@~0.0.1', null ]
552 verbose cache add spec minimist@~0.0.1
553 silly cache add parsed spec Result {
553 silly cache add   raw: 'minimist@~0.0.1',
553 silly cache add   scope: null,
553 silly cache add   name: 'minimist',
553 silly cache add   rawSpec: '~0.0.1',
553 silly cache add   spec: '>=0.0.1 <0.1.0',
553 silly cache add   type: 'range' }
554 silly addNamed minimist@>=0.0.1 <0.1.0
555 verbose addNamed ">=0.0.1 <0.1.0" is a valid semver range for minimist
556 silly addNameRange { name: 'minimist', range: '>=0.0.1 <0.1.0', hasData: false }
557 silly mapToRegistry name minimist
558 silly mapToRegistry using default registry
559 silly mapToRegistry registry https://registry.npmjs.org/
560 silly mapToRegistry uri https://registry.npmjs.org/minimist
561 verbose addNameRange registry:https://registry.npmjs.org/minimist not in flight; fetching
562 verbose request uri https://registry.npmjs.org/wordwrap
563 verbose request no auth needed
564 info attempt registry request try #1 at 12:16:00 PM
565 verbose etag "6Y7XZHAQEALAMS9JQ5TYUE3OK"
566 http request GET https://registry.npmjs.org/wordwrap
567 verbose get https://registry.npmjs.org/minimist not expired, no request
568 silly addNameRange number 2 { name: 'minimist', range: '>=0.0.1 <0.1.0', hasData: true }
569 silly addNameRange versions [ 'minimist',
569 silly addNameRange   [ '0.0.0',
569 silly addNameRange     '0.0.1',
569 silly addNameRange     '0.0.2',
569 silly addNameRange     '0.0.3',
569 silly addNameRange     '0.0.4',
569 silly addNameRange     '0.0.5',
569 silly addNameRange     '0.0.6',
569 silly addNameRange     '0.0.7',
569 silly addNameRange     '0.0.8',
569 silly addNameRange     '0.0.9',
569 silly addNameRange     '0.0.10',
569 silly addNameRange     '0.1.0',
569 silly addNameRange     '0.2.0',
569 silly addNameRange     '1.0.0',
569 silly addNameRange     '1.1.0',
569 silly addNameRange     '1.1.1',
569 silly addNameRange     '1.1.2',
569 silly addNameRange     '1.1.3',
569 silly addNameRange     '1.2.0' ] ]
570 silly addNamed minimist@0.0.10
571 verbose addNamed "0.0.10" is a plain semver version for minimist
572 silly cache afterAdd minimist@0.0.10
573 verbose afterAdd /home/muneeb/.npm/minimist/0.0.10/package/package.json not in flight; writing
574 verbose afterAdd /home/muneeb/.npm/minimist/0.0.10/package/package.json written
575 http 304 https://registry.npmjs.org/wordwrap
576 verbose headers { date: 'Sat, 05 Nov 2016 06:46:03 GMT',
576 verbose headers   via: '1.1 varnish',
576 verbose headers   'cache-control': 'max-age=300',
576 verbose headers   etag: '"6Y7XZHAQEALAMS9JQ5TYUE3OK"',
576 verbose headers   age: '39',
576 verbose headers   connection: 'keep-alive',
576 verbose headers   'x-served-by': 'cache-sin6922-SIN',
576 verbose headers   'x-cache': 'HIT',
576 verbose headers   'x-cache-hits': '2',
576 verbose headers   'x-timer': 'S1478328363.693240,VS0,VE0',
576 verbose headers   vary: 'Accept-Encoding' }
577 silly get cb [ 304,
577 silly get   { date: 'Sat, 05 Nov 2016 06:46:03 GMT',
577 silly get     via: '1.1 varnish',
577 silly get     'cache-control': 'max-age=300',
577 silly get     etag: '"6Y7XZHAQEALAMS9JQ5TYUE3OK"',
577 silly get     age: '39',
577 silly get     connection: 'keep-alive',
577 silly get     'x-served-by': 'cache-sin6922-SIN',
577 silly get     'x-cache': 'HIT',
577 silly get     'x-cache-hits': '2',
577 silly get     'x-timer': 'S1478328363.693240,VS0,VE0',
577 silly get     vary: 'Accept-Encoding' } ]
578 verbose etag https://registry.npmjs.org/wordwrap from cache
579 verbose get saving wordwrap to /home/muneeb/.npm/registry.npmjs.org/wordwrap/.cache.json
580 silly resolveWithNewModule wordwrap@0.0.3 checking installable status
581 silly cache add args [ 'wordwrap@~0.0.2', null ]
582 verbose cache add spec wordwrap@~0.0.2
583 silly cache add parsed spec Result {
583 silly cache add   raw: 'wordwrap@~0.0.2',
583 silly cache add   scope: null,
583 silly cache add   name: 'wordwrap',
583 silly cache add   rawSpec: '~0.0.2',
583 silly cache add   spec: '>=0.0.2 <0.1.0',
583 silly cache add   type: 'range' }
584 silly addNamed wordwrap@>=0.0.2 <0.1.0
585 verbose addNamed ">=0.0.2 <0.1.0" is a valid semver range for wordwrap
586 silly addNameRange { name: 'wordwrap', range: '>=0.0.2 <0.1.0', hasData: false }
587 silly mapToRegistry name wordwrap
588 silly mapToRegistry using default registry
589 silly mapToRegistry registry https://registry.npmjs.org/
590 silly mapToRegistry uri https://registry.npmjs.org/wordwrap
591 verbose addNameRange registry:https://registry.npmjs.org/wordwrap not in flight; fetching
592 verbose get https://registry.npmjs.org/wordwrap not expired, no request
593 silly addNameRange number 2 { name: 'wordwrap', range: '>=0.0.2 <0.1.0', hasData: true }
594 silly addNameRange versions [ 'wordwrap', [ '0.0.1', '0.0.2', '0.0.3', '1.0.0' ] ]
595 silly addNamed wordwrap@0.0.3
596 verbose addNamed "0.0.3" is a plain semver version for wordwrap
597 silly cache afterAdd wordwrap@0.0.3
598 verbose afterAdd /home/muneeb/.npm/wordwrap/0.0.3/package/package.json not in flight; writing
599 verbose afterAdd /home/muneeb/.npm/wordwrap/0.0.3/package/package.json written
600 silly fetchNamedPackageData async
601 silly mapToRegistry name async
602 silly mapToRegistry using default registry
603 silly mapToRegistry registry https://registry.npmjs.org/
604 silly mapToRegistry uri https://registry.npmjs.org/async
605 silly fetchNamedPackageData mkdirp
606 silly mapToRegistry name mkdirp
607 silly mapToRegistry using default registry
608 silly mapToRegistry registry https://registry.npmjs.org/
609 silly mapToRegistry uri https://registry.npmjs.org/mkdirp
610 verbose request uri https://registry.npmjs.org/async
611 verbose request no auth needed
612 info attempt registry request try #1 at 12:16:04 PM
613 verbose etag "16TEGPQWUYBRAAVPZ64KRCCXB"
614 http request GET https://registry.npmjs.org/async
615 verbose request uri https://registry.npmjs.org/mkdirp
616 verbose request no auth needed
617 info attempt registry request try #1 at 12:16:04 PM
618 verbose etag "EOWI0WIGTNEOW5KRQWEHATZE3"
619 http request GET https://registry.npmjs.org/mkdirp
620 http 304 https://registry.npmjs.org/async
621 verbose headers { date: 'Sat, 05 Nov 2016 06:46:06 GMT',
621 verbose headers   via: '1.1 varnish',
621 verbose headers   'cache-control': 'max-age=300',
621 verbose headers   etag: '"16TEGPQWUYBRAAVPZ64KRCCXB"',
621 verbose headers   age: '56',
621 verbose headers   connection: 'keep-alive',
621 verbose headers   'x-served-by': 'cache-sin6924-SIN',
621 verbose headers   'x-cache': 'HIT',
621 verbose headers   'x-cache-hits': '5',
621 verbose headers   'x-timer': 'S1478328366.692585,VS0,VE0',
621 verbose headers   vary: 'Accept-Encoding' }
622 silly get cb [ 304,
622 silly get   { date: 'Sat, 05 Nov 2016 06:46:06 GMT',
622 silly get     via: '1.1 varnish',
622 silly get     'cache-control': 'max-age=300',
622 silly get     etag: '"16TEGPQWUYBRAAVPZ64KRCCXB"',
622 silly get     age: '56',
622 silly get     connection: 'keep-alive',
622 silly get     'x-served-by': 'cache-sin6924-SIN',
622 silly get     'x-cache': 'HIT',
622 silly get     'x-cache-hits': '5',
622 silly get     'x-timer': 'S1478328366.692585,VS0,VE0',
622 silly get     vary: 'Accept-Encoding' } ]
623 verbose etag https://registry.npmjs.org/async from cache
624 verbose get saving async to /home/muneeb/.npm/registry.npmjs.org/async/.cache.json
625 http 304 https://registry.npmjs.org/mkdirp
626 verbose headers { date: 'Sat, 05 Nov 2016 06:46:06 GMT',
626 verbose headers   via: '1.1 varnish',
626 verbose headers   'cache-control': 'max-age=300',
626 verbose headers   etag: '"EOWI0WIGTNEOW5KRQWEHATZE3"',
626 verbose headers   age: '86',
626 verbose headers   connection: 'keep-alive',
626 verbose headers   'x-served-by': 'cache-sin6926-SIN',
626 verbose headers   'x-cache': 'HIT',
626 verbose headers   'x-cache-hits': '3',
626 verbose headers   'x-timer': 'S1478328366.733153,VS0,VE0',
626 verbose headers   vary: 'Accept-Encoding' }
627 silly get cb [ 304,
627 silly get   { date: 'Sat, 05 Nov 2016 06:46:06 GMT',
627 silly get     via: '1.1 varnish',
627 silly get     'cache-control': 'max-age=300',
627 silly get     etag: '"EOWI0WIGTNEOW5KRQWEHATZE3"',
627 silly get     age: '86',
627 silly get     connection: 'keep-alive',
627 silly get     'x-served-by': 'cache-sin6926-SIN',
627 silly get     'x-cache': 'HIT',
627 silly get     'x-cache-hits': '3',
627 silly get     'x-timer': 'S1478328366.733153,VS0,VE0',
627 silly get     vary: 'Accept-Encoding' } ]
628 verbose etag https://registry.npmjs.org/mkdirp from cache
629 verbose get saving mkdirp to /home/muneeb/.npm/registry.npmjs.org/mkdirp/.cache.json
630 silly resolveWithNewModule async@0.9.0 checking installable status
631 silly cache add args [ 'async@0.9.0', null ]
632 verbose cache add spec async@0.9.0
633 silly cache add parsed spec Result {
633 silly cache add   raw: 'async@0.9.0',
633 silly cache add   scope: null,
633 silly cache add   name: 'async',
633 silly cache add   rawSpec: '0.9.0',
633 silly cache add   spec: '0.9.0',
633 silly cache add   type: 'version' }
634 silly addNamed async@0.9.0
635 verbose addNamed "0.9.0" is a plain semver version for async
636 silly mapToRegistry name async
637 silly mapToRegistry using default registry
638 silly mapToRegistry registry https://registry.npmjs.org/
639 silly mapToRegistry uri https://registry.npmjs.org/async
640 verbose addNameVersion registry:https://registry.npmjs.org/async not in flight; fetching
641 silly resolveWithNewModule mkdirp@0.5.1 checking installable status
642 silly cache add args [ 'mkdirp@0.5.x', null ]
643 verbose cache add spec mkdirp@0.5.x
644 silly cache add parsed spec Result {
644 silly cache add   raw: 'mkdirp@0.5.x',
644 silly cache add   scope: null,
644 silly cache add   name: 'mkdirp',
644 silly cache add   rawSpec: '0.5.x',
644 silly cache add   spec: '>=0.5.0 <0.6.0',
644 silly cache add   type: 'range' }
645 silly addNamed mkdirp@>=0.5.0 <0.6.0
646 verbose addNamed ">=0.5.0 <0.6.0" is a valid semver range for mkdirp
647 silly addNameRange { name: 'mkdirp', range: '>=0.5.0 <0.6.0', hasData: false }
648 silly mapToRegistry name mkdirp
649 silly mapToRegistry using default registry
650 silly mapToRegistry registry https://registry.npmjs.org/
651 silly mapToRegistry uri https://registry.npmjs.org/mkdirp
652 verbose addNameRange registry:https://registry.npmjs.org/mkdirp not in flight; fetching
653 verbose get https://registry.npmjs.org/mkdirp not expired, no request
654 silly addNameRange number 2 { name: 'mkdirp', range: '>=0.5.0 <0.6.0', hasData: true }
655 silly addNameRange versions [ 'mkdirp',
655 silly addNameRange   [ '0.0.1',
655 silly addNameRange     '0.0.2',
655 silly addNameRange     '0.0.3',
655 silly addNameRange     '0.0.4',
655 silly addNameRange     '0.0.5',
655 silly addNameRange     '0.0.6',
655 silly addNameRange     '0.0.7',
655 silly addNameRange     '0.1.0',
655 silly addNameRange     '0.2.0',
655 silly addNameRange     '0.2.1',
655 silly addNameRange     '0.2.2',
655 silly addNameRange     '0.3.0',
655 silly addNameRange     '0.3.1',
655 silly addNameRange     '0.3.2',
655 silly addNameRange     '0.3.3',
655 silly addNameRange     '0.3.4',
655 silly addNameRange     '0.3.5',
655 silly addNameRange     '0.4.0',
655 silly addNameRange     '0.4.1',
655 silly addNameRange     '0.4.2',
655 silly addNameRange     '0.5.0',
655 silly addNameRange     '0.5.1' ] ]
656 silly addNamed mkdirp@0.5.1
657 verbose addNamed "0.5.1" is a plain semver version for mkdirp
658 verbose get https://registry.npmjs.org/async not expired, no request
659 silly cache afterAdd async@0.9.0
660 verbose afterAdd /home/muneeb/.npm/async/0.9.0/package/package.json not in flight; writing
661 silly cache afterAdd mkdirp@0.5.1
662 verbose afterAdd /home/muneeb/.npm/mkdirp/0.5.1/package/package.json not in flight; writing
663 verbose afterAdd /home/muneeb/.npm/mkdirp/0.5.1/package/package.json written
664 verbose afterAdd /home/muneeb/.npm/async/0.9.0/package/package.json written
665 silly fetchNamedPackageData minimist
666 silly mapToRegistry name minimist
667 silly mapToRegistry using default registry
668 silly mapToRegistry registry https://registry.npmjs.org/
669 silly mapToRegistry uri https://registry.npmjs.org/minimist
670 silly resolveWithNewModule minimist@0.0.8 checking installable status
671 silly cache add args [ 'minimist@0.0.8', null ]
672 verbose cache add spec minimist@0.0.8
673 silly cache add parsed spec Result {
673 silly cache add   raw: 'minimist@0.0.8',
673 silly cache add   scope: null,
673 silly cache add   name: 'minimist',
673 silly cache add   rawSpec: '0.0.8',
673 silly cache add   spec: '0.0.8',
673 silly cache add   type: 'version' }
674 silly addNamed minimist@0.0.8
675 verbose addNamed "0.0.8" is a plain semver version for minimist
676 silly mapToRegistry name minimist
677 silly mapToRegistry using default registry
678 silly mapToRegistry registry https://registry.npmjs.org/
679 silly mapToRegistry uri https://registry.npmjs.org/minimist
680 verbose addNameVersion registry:https://registry.npmjs.org/minimist not in flight; fetching
681 verbose get https://registry.npmjs.org/minimist not expired, no request
682 silly cache afterAdd minimist@0.0.8
683 verbose afterAdd /home/muneeb/.npm/minimist/0.0.8/package/package.json not in flight; writing
684 verbose afterAdd /home/muneeb/.npm/minimist/0.0.8/package/package.json written
685 silly fetchNamedPackageData qs
686 silly mapToRegistry name qs
687 silly mapToRegistry using default registry
688 silly mapToRegistry registry https://registry.npmjs.org/
689 silly mapToRegistry uri https://registry.npmjs.org/qs
690 verbose request uri https://registry.npmjs.org/qs
691 verbose request no auth needed
692 info attempt registry request try #1 at 12:16:07 PM
693 verbose etag "DAFOGVKE4M1EFBPYP5BL378YF"
694 http request GET https://registry.npmjs.org/qs
695 http 304 https://registry.npmjs.org/qs
696 verbose headers { date: 'Sat, 05 Nov 2016 06:46:09 GMT',
696 verbose headers   via: '1.1 varnish',
696 verbose headers   'cache-control': 'max-age=300',
696 verbose headers   etag: '"DAFOGVKE4M1EFBPYP5BL378YF"',
696 verbose headers   age: '199',
696 verbose headers   connection: 'keep-alive',
696 verbose headers   'x-served-by': 'cache-sin6925-SIN',
696 verbose headers   'x-cache': 'HIT',
696 verbose headers   'x-cache-hits': '27',
696 verbose headers   'x-timer': 'S1478328369.682651,VS0,VE0',
696 verbose headers   vary: 'Accept-Encoding' }
697 silly get cb [ 304,
697 silly get   { date: 'Sat, 05 Nov 2016 06:46:09 GMT',
697 silly get     via: '1.1 varnish',
697 silly get     'cache-control': 'max-age=300',
697 silly get     etag: '"DAFOGVKE4M1EFBPYP5BL378YF"',
697 silly get     age: '199',
697 silly get     connection: 'keep-alive',
697 silly get     'x-served-by': 'cache-sin6925-SIN',
697 silly get     'x-cache': 'HIT',
697 silly get     'x-cache-hits': '27',
697 silly get     'x-timer': 'S1478328369.682651,VS0,VE0',
697 silly get     vary: 'Accept-Encoding' } ]
698 verbose etag https://registry.npmjs.org/qs from cache
699 verbose get saving qs to /home/muneeb/.npm/registry.npmjs.org/qs/.cache.json
700 silly resolveWithNewModule qs@2.3.3 checking installable status
701 silly cache add args [ 'qs@~2.3.3', null ]
702 verbose cache add spec qs@~2.3.3
703 silly cache add parsed spec Result {
703 silly cache add   raw: 'qs@~2.3.3',
703 silly cache add   scope: null,
703 silly cache add   name: 'qs',
703 silly cache add   rawSpec: '~2.3.3',
703 silly cache add   spec: '>=2.3.3 <2.4.0',
703 silly cache add   type: 'range' }
704 silly addNamed qs@>=2.3.3 <2.4.0
705 verbose addNamed ">=2.3.3 <2.4.0" is a valid semver range for qs
706 silly addNameRange { name: 'qs', range: '>=2.3.3 <2.4.0', hasData: false }
707 silly mapToRegistry name qs
708 silly mapToRegistry using default registry
709 silly mapToRegistry registry https://registry.npmjs.org/
710 silly mapToRegistry uri https://registry.npmjs.org/qs
711 verbose addNameRange registry:https://registry.npmjs.org/qs not in flight; fetching
712 verbose get https://registry.npmjs.org/qs not expired, no request
713 silly addNameRange number 2 { name: 'qs', range: '>=2.3.3 <2.4.0', hasData: true }
714 silly addNameRange versions [ 'qs',
714 silly addNameRange   [ '0.0.1',
714 silly addNameRange     '0.0.2',
714 silly addNameRange     '0.0.3',
714 silly addNameRange     '0.0.4',
714 silly addNameRange     '0.0.5',
714 silly addNameRange     '0.0.6',
714 silly addNameRange     '0.0.7',
714 silly addNameRange     '0.1.0',
714 silly addNameRange     '0.2.0',
714 silly addNameRange     '0.3.0',
714 silly addNameRange     '0.3.1',
714 silly addNameRange     '0.3.2',
714 silly addNameRange     '0.4.0',
714 silly addNameRange     '0.4.1',
714 silly addNameRange     '0.4.2',
714 silly addNameRange     '0.5.0',
714 silly addNameRange     '0.5.1',
714 silly addNameRange     '0.5.2',
714 silly addNameRange     '0.5.3',
714 silly addNameRange     '0.5.4',
714 silly addNameRange     '0.5.5',
714 silly addNameRange     '0.5.6',
714 silly addNameRange     '0.6.0',
714 silly addNameRange     '0.6.1',
714 silly addNameRange     '0.6.2',
714 silly addNameRange     '0.6.3',
714 silly addNameRange     '0.6.4',
714 silly addNameRange     '0.6.5',
714 silly addNameRange     '0.6.6',
714 silly addNameRange     '1.0.0',
714 silly addNameRange     '1.0.1',
714 silly addNameRange     '1.0.2',
714 silly addNameRange     '1.1.0',
714 silly addNameRange     '1.2.0',
714 silly addNameRange     '1.2.1',
714 silly addNameRange     '1.2.2',
714 silly addNameRange     '2.0.0',
714 silly addNameRange     '2.1.0',
714 silly addNameRange     '2.2.0',
714 silly addNameRange     '2.2.1',
714 silly addNameRange     '2.2.2',
714 silly addNameRange     '2.2.3',
714 silly addNameRange     '2.2.4',
714 silly addNameRange     '2.2.5',
714 silly addNameRange     '2.3.0',
714 silly addNameRange     '2.3.1',
714 silly addNameRange     '2.3.2',
714 silly addNameRange     '2.3.3',
714 silly addNameRange     '2.4.0',
714 silly addNameRange     '2.4.1',
714 silly addNameRange     '2.4.2',
714 silly addNameRange     '3.0.0',
714 silly addNameRange     '3.1.0',
714 silly addNameRange     '4.0.0',
714 silly addNameRange     '5.0.0',
714 silly addNameRange     '5.1.0',
714 silly addNameRange     '5.2.0',
714 silly addNameRange     '6.0.0',
714 silly addNameRange     '6.0.1',
714 silly addNameRange     '6.0.2',
714 silly addNameRange     '6.1.0',
714 silly addNameRange     '6.2.0',
714 silly addNameRange     '5.2.1',
714 silly addNameRange     '6.2.1',
714 silly addNameRange     '6.3.0' ] ]
715 silly addNamed qs@2.3.3
716 verbose addNamed "2.3.3" is a plain semver version for qs
717 silly cache afterAdd qs@2.3.3
718 verbose afterAdd /home/muneeb/.npm/qs/2.3.3/package/package.json not in flight; writing
719 verbose afterAdd /home/muneeb/.npm/qs/2.3.3/package/package.json written
720 silly loadAllDepsIntoIdealTree Finishing
721 silly idealTree:prePrune lib
721 silly idealTree:prePrune `-- http-server@0.9.0
721 silly idealTree:prePrune   +-- async@0.9.0
721 silly idealTree:prePrune   +-- colors@1.0.3
721 silly idealTree:prePrune   +-- corser@2.0.1
721 silly idealTree:prePrune   +-- ecstatic@1.4.1
721 silly idealTree:prePrune   +-- eventemitter3@1.2.0
721 silly idealTree:prePrune   +-- he@0.5.0
721 silly idealTree:prePrune   +-- http-proxy@1.15.2
721 silly idealTree:prePrune   +-- mime@1.3.4
721 silly idealTree:prePrune   +-- minimist@1.2.0
721 silly idealTree:prePrune   +-- mkdirp@0.5.1
721 silly idealTree:prePrune   | `-- minimist@0.0.8
721 silly idealTree:prePrune   +-- opener@1.4.2
721 silly idealTree:prePrune   +-- optimist@0.6.1
721 silly idealTree:prePrune   | `-- minimist@0.0.10
721 silly idealTree:prePrune   +-- portfinder@0.4.0
721 silly idealTree:prePrune   +-- qs@2.3.3
721 silly idealTree:prePrune   +-- requires-port@1.0.0
721 silly idealTree:prePrune   +-- union@0.4.6
721 silly idealTree:prePrune   +-- url-join@1.1.0
721 silly idealTree:prePrune   `-- wordwrap@0.0.3
722 silly loadIdealTree Finishing
723 silly currentTree lib
724 silly idealTree lib
724 silly idealTree `-- http-server@0.9.0
724 silly idealTree   +-- async@0.9.0
724 silly idealTree   +-- colors@1.0.3
724 silly idealTree   +-- corser@2.0.1
724 silly idealTree   +-- ecstatic@1.4.1
724 silly idealTree   +-- eventemitter3@1.2.0
724 silly idealTree   +-- he@0.5.0
724 silly idealTree   +-- http-proxy@1.15.2
724 silly idealTree   +-- mime@1.3.4
724 silly idealTree   +-- minimist@1.2.0
724 silly idealTree   +-- mkdirp@0.5.1
724 silly idealTree   | `-- minimist@0.0.8
724 silly idealTree   +-- opener@1.4.2
724 silly idealTree   +-- optimist@0.6.1
724 silly idealTree   | `-- minimist@0.0.10
724 silly idealTree   +-- portfinder@0.4.0
724 silly idealTree   +-- qs@2.3.3
724 silly idealTree   +-- requires-port@1.0.0
724 silly idealTree   +-- union@0.4.6
724 silly idealTree   +-- url-join@1.1.0
724 silly idealTree   `-- wordwrap@0.0.3
725 silly generateActionsToTake Starting
726 silly install generateActionsToTake
727 warn checkPermissions Missing write access to /usr/local/lib
728 silly rollbackFailedOptional Starting
729 silly rollbackFailedOptional Finishing
730 silly runTopLevelLifecycles Starting
731 silly runTopLevelLifecycles Finishing
732 silly install printInstalled
733 verbose stack Error: EACCES: permission denied, access '/usr/local/lib'
733 verbose stack     at Error (native)
734 verbose cwd /media/muneeb/DAD0C1CDD0C1B055/MyProjects/olive
735 error Linux 4.4.0-45-generic
736 error argv "/usr/bin/nodejs" "/usr/bin/npm" "install" "-g" "http-server"
737 error node v4.2.6
738 error npm  v3.5.2
739 error path /usr/local/lib
740 error code EACCES
741 error errno -13
742 error syscall access
743 error Error: EACCES: permission denied, access '/usr/local/lib'
743 error     at Error (native)
743 error  { [Error: EACCES: permission denied, access '/usr/local/lib']
743 error   errno: -13,
743 error   code: 'EACCES',
743 error   syscall: 'access',
743 error   path: '/usr/local/lib' }
744 error Please try running this command again as root/Administrator.
745 verbose exit [ -13, true ]
